[0607/225836.005:ERROR:crash_report_database_win.cc(469)] failed to stat report
[0607/225836.010:ERROR:crash_report_database_win.cc(469)] failed to stat report
[0607/225836.010:ERROR:crash_report_database_win.cc(469)] failed to stat report
[0607/225836.010:ERROR:crash_report_database_win.cc(469)] failed to stat report
[0607/225836.010:ERROR:crash_report_database_win.cc(469)] failed to stat report
[0607/225836.010:ERROR:crash_report_database_win.cc(469)] failed to stat report
[0607/225836.010:ERROR:crash_report_database_win.cc(469)] failed to stat report
[0607/225836.010:ERROR:crash_report_database_win.cc(469)] failed to stat report
[0607/225836.010:ERROR:crash_report_database_win.cc(469)] failed to stat report
[0607/225836.010:ERROR:crash_report_database_win.cc(469)] failed to stat report
[0607/225836.018:ERROR:crash_report_database_win.cc(469)] failed to stat report
[0607/230836.011:ERROR:crash_report_database_win.cc(469)] failed to stat report
[0607/230836.011:ERROR:crash_report_database_win.cc(469)] failed to stat report
[0607/230836.011:ERROR:crash_report_database_win.cc(469)] failed to stat report
[0607/230836.011:ERROR:crash_report_database_win.cc(469)] failed to stat report
[0607/230836.011:ERROR:crash_report_database_win.cc(469)] failed to stat report
[0607/230836.011:ERROR:crash_report_database_win.cc(469)] failed to stat report
[0607/230836.011:ERROR:crash_report_database_win.cc(469)] failed to stat report
[0607/230836.011:ERROR:crash_report_database_win.cc(469)] failed to stat report
[0607/230836.011:ERROR:crash_report_database_win.cc(469)] failed to stat report
[0607/230836.012:ERROR:crash_report_database_win.cc(469)] failed to stat report
[0607/230836.012:ERROR:crash_report_database_win.cc(469)] failed to stat report
[0607/230836.012:ERROR:crash_report_database_win.cc(469)] failed to stat report
[0607/230836.012:ERROR:crash_report_database_win.cc(469)] failed to stat report
[0607/230836.012:ERROR:crash_report_database_win.cc(469)] failed to stat report
[0607/230836.012:ERROR:crash_report_database_win.cc(469)] failed to stat report
[0607/230836.012:ERROR:crash_report_database_win.cc(469)] failed to stat report
[0607/230836.012:ERROR:crash_report_database_win.cc(469)] failed to stat report
[0607/230836.012:ERROR:crash_report_database_win.cc(469)] failed to stat report
[0607/230836.012:ERROR:crash_report_database_win.cc(469)] failed to stat report
[0607/230836.012:ERROR:crash_report_database_win.cc(469)] failed to stat report
[0607/230836.012:ERROR:crash_report_database_win.cc(469)] failed to stat report
[0607/230836.012:ERROR:crash_report_database_win.cc(469)] failed to stat report
[0607/231336.020:ERROR:crash_report_database_win.cc(469)] failed to stat report
[0607/231336.020:ERROR:crash_report_database_win.cc(469)] failed to stat report
[0607/231336.020:ERROR:crash_report_database_win.cc(469)] failed to stat report
[0607/231336.020:ERROR:crash_report_database_win.cc(469)] failed to stat report
[0607/231336.020:ERROR:crash_report_database_win.cc(469)] failed to stat report
[0607/231336.021:ERROR:crash_report_database_win.cc(469)] failed to stat report
[0607/231336.021:ERROR:crash_report_database_win.cc(469)] failed to stat report
[0607/231336.021:ERROR:crash_report_database_win.cc(469)] failed to stat report
[0607/231336.021:ERROR:crash_report_database_win.cc(469)] failed to stat report
[0607/231336.025:ERROR:crash_report_database_win.cc(469)] failed to stat report
[0607/231336.025:ERROR:crash_report_database_win.cc(469)] failed to stat report
[0607/232836.044:ERROR:crash_report_database_win.cc(469)] failed to stat report
[0607/232836.044:ERROR:crash_report_database_win.cc(469)] failed to stat report
[0607/232836.044:ERROR:crash_report_database_win.cc(469)] failed to stat report
[0607/232836.044:ERROR:crash_report_database_win.cc(469)] failed to stat report
[0607/232836.044:ERROR:crash_report_database_win.cc(469)] failed to stat report
[0607/232836.044:ERROR:crash_report_database_win.cc(469)] failed to stat report
[0607/232836.044:ERROR:crash_report_database_win.cc(469)] failed to stat report
[0607/232836.044:ERROR:crash_report_database_win.cc(469)] failed to stat report
[0607/232836.044:ERROR:crash_report_database_win.cc(469)] failed to stat report
[0607/232836.044:ERROR:crash_report_database_win.cc(469)] failed to stat report
[0607/232836.044:ERROR:crash_report_database_win.cc(469)] failed to stat report
[0607/234336.044:ERROR:crash_report_database_win.cc(469)] failed to stat report
[0607/234336.044:ERROR:crash_report_database_win.cc(469)] failed to stat report
[0607/234336.044:ERROR:crash_report_database_win.cc(469)] failed to stat report
[0607/234336.045:ERROR:crash_report_database_win.cc(469)] failed to stat report
[0607/234336.045:ERROR:crash_report_database_win.cc(469)] failed to stat report
[0607/234336.045:ERROR:crash_report_database_win.cc(469)] failed to stat report
[0607/234336.045:ERROR:crash_report_database_win.cc(469)] failed to stat report
[0607/234336.045:ERROR:crash_report_database_win.cc(469)] failed to stat report
[0607/234336.045:ERROR:crash_report_database_win.cc(469)] failed to stat report
[0607/234336.045:ERROR:crash_report_database_win.cc(469)] failed to stat report
[0607/234336.045:ERROR:crash_report_database_win.cc(469)] failed to stat report
[0607/235836.074:ERROR:crash_report_database_win.cc(469)] failed to stat report
[0607/235836.075:ERROR:crash_report_database_win.cc(469)] failed to stat report
[0607/235836.075:ERROR:crash_report_database_win.cc(469)] failed to stat report
[0607/235836.075:ERROR:crash_report_database_win.cc(469)] failed to stat report
[0607/235836.075:ERROR:crash_report_database_win.cc(469)] failed to stat report
[0607/235836.075:ERROR:crash_report_database_win.cc(469)] failed to stat report
[0607/235836.075:ERROR:crash_report_database_win.cc(469)] failed to stat report
[0607/235836.075:ERROR:crash_report_database_win.cc(469)] failed to stat report
[0607/235836.075:ERROR:crash_report_database_win.cc(469)] failed to stat report
[0607/235836.075:ERROR:crash_report_database_win.cc(469)] failed to stat report
[0607/235836.075:ERROR:crash_report_database_win.cc(469)] failed to stat report
[0608/001336.086:ERROR:crash_report_database_win.cc(469)] failed to stat report
[0608/001336.086:ERROR:crash_report_database_win.cc(469)] failed to stat report
[0608/001336.086:ERROR:crash_report_database_win.cc(469)] failed to stat report
[0608/001336.087:ERROR:crash_report_database_win.cc(469)] failed to stat report
[0608/001336.087:ERROR:crash_report_database_win.cc(469)] failed to stat report
[0608/001336.088:ERROR:crash_report_database_win.cc(469)] failed to stat report
[0608/001336.088:ERROR:crash_report_database_win.cc(469)] failed to stat report
[0608/001336.088:ERROR:crash_report_database_win.cc(469)] failed to stat report
[0608/001336.088:ERROR:crash_report_database_win.cc(469)] failed to stat report
[0608/001336.088:ERROR:crash_report_database_win.cc(469)] failed to stat report
[0608/001336.088:ERROR:crash_report_database_win.cc(469)] failed to stat report
[0608/002836.088:ERROR:crash_report_database_win.cc(469)] failed to stat report
[0608/002836.089:ERROR:crash_report_database_win.cc(469)] failed to stat report
[0608/002836.089:ERROR:crash_report_database_win.cc(469)] failed to stat report
[0608/002836.089:ERROR:crash_report_database_win.cc(469)] failed to stat report
[0608/002836.089:ERROR:crash_report_database_win.cc(469)] failed to stat report
[0608/002836.089:ERROR:crash_report_database_win.cc(469)] failed to stat report
[0608/002836.089:ERROR:crash_report_database_win.cc(469)] failed to stat report
[0608/002836.089:ERROR:crash_report_database_win.cc(469)] failed to stat report
[0608/002836.089:ERROR:crash_report_database_win.cc(469)] failed to stat report
[0608/002836.090:ERROR:crash_report_database_win.cc(469)] failed to stat report
[0608/002836.090:ERROR:crash_report_database_win.cc(469)] failed to stat report
[0608/004336.132:ERROR:crash_report_database_win.cc(469)] failed to stat report
[0608/004336.132:ERROR:crash_report_database_win.cc(469)] failed to stat report
[0608/004336.132:ERROR:crash_report_database_win.cc(469)] failed to stat report
[0608/004336.132:ERROR:crash_report_database_win.cc(469)] failed to stat report
[0608/004336.132:ERROR:crash_report_database_win.cc(469)] failed to stat report
[0608/004336.132:ERROR:crash_report_database_win.cc(469)] failed to stat report
[0608/004336.132:ERROR:crash_report_database_win.cc(469)] failed to stat report
[0608/004336.135:ERROR:crash_report_database_win.cc(469)] failed to stat report
[0608/004336.135:ERROR:crash_report_database_win.cc(469)] failed to stat report
[0608/004336.136:ERROR:crash_report_database_win.cc(469)] failed to stat report
[0608/004336.136:ERROR:crash_report_database_win.cc(469)] failed to stat report
[0608/005836.194:ERROR:crash_report_database_win.cc(469)] failed to stat report
[0608/005836.194:ERROR:crash_report_database_win.cc(469)] failed to stat report
[0608/005836.194:ERROR:crash_report_database_win.cc(469)] failed to stat report
[0608/005836.194:ERROR:crash_report_database_win.cc(469)] failed to stat report
[0608/005836.194:ERROR:crash_report_database_win.cc(469)] failed to stat report
[0608/005836.195:ERROR:crash_report_database_win.cc(469)] failed to stat report
[0608/005836.195:ERROR:crash_report_database_win.cc(469)] failed to stat report
[0608/005836.195:ERROR:crash_report_database_win.cc(469)] failed to stat report
[0608/005836.195:ERROR:crash_report_database_win.cc(469)] failed to stat report
[0608/005836.195:ERROR:crash_report_database_win.cc(469)] failed to stat report
[0608/005836.195:ERROR:crash_report_database_win.cc(469)] failed to stat report
[0608/011336.217:ERROR:crash_report_database_win.cc(469)] failed to stat report
[0608/011336.218:ERROR:crash_report_database_win.cc(469)] failed to stat report
[0608/011336.218:ERROR:crash_report_database_win.cc(469)] failed to stat report
[0608/011336.218:ERROR:crash_report_database_win.cc(469)] failed to stat report
[0608/011336.218:ERROR:crash_report_database_win.cc(469)] failed to stat report
[0608/011336.218:ERROR:crash_report_database_win.cc(469)] failed to stat report
[0608/011336.218:ERROR:crash_report_database_win.cc(469)] failed to stat report
[0608/011336.218:ERROR:crash_report_database_win.cc(469)] failed to stat report
[0608/011336.218:ERROR:crash_report_database_win.cc(469)] failed to stat report
[0608/011336.218:ERROR:crash_report_database_win.cc(469)] failed to stat report
[0608/011336.219:ERROR:crash_report_database_win.cc(469)] failed to stat report
[0608/011930.665:ERROR:crash_report_database_win.cc(469)] failed to stat report
[0608/011930.667:ERROR:crash_report_database_win.cc(469)] failed to stat report
[0608/011930.667:ERROR:crash_report_database_win.cc(469)] failed to stat report
[0608/011930.667:ERROR:crash_report_database_win.cc(469)] failed to stat report
[0608/011930.667:ERROR:crash_report_database_win.cc(469)] failed to stat report
[0608/011930.667:ERROR:crash_report_database_win.cc(469)] failed to stat report
[0608/011930.667:ERROR:crash_report_database_win.cc(469)] failed to stat report
[0608/011930.667:ERROR:crash_report_database_win.cc(469)] failed to stat report
[0608/011930.667:ERROR:crash_report_database_win.cc(469)] failed to stat report
[0608/011930.667:ERROR:crash_report_database_win.cc(469)] failed to stat report
[0608/011930.668:ERROR:crash_report_database_win.cc(469)] failed to stat report
[0608/012836.232:ERROR:crash_report_database_win.cc(469)] failed to stat report
[0608/012836.232:ERROR:crash_report_database_win.cc(469)] failed to stat report
[0608/012836.232:ERROR:crash_report_database_win.cc(469)] failed to stat report
[0608/012836.232:ERROR:crash_report_database_win.cc(469)] failed to stat report
[0608/012836.232:ERROR:crash_report_database_win.cc(469)] failed to stat report
[0608/012836.232:ERROR:crash_report_database_win.cc(469)] failed to stat report
[0608/012836.232:ERROR:crash_report_database_win.cc(469)] failed to stat report
[0608/012836.232:ERROR:crash_report_database_win.cc(469)] failed to stat report
[0608/012836.232:ERROR:crash_report_database_win.cc(469)] failed to stat report
[0608/012836.232:ERROR:crash_report_database_win.cc(469)] failed to stat report
[0608/012836.232:ERROR:crash_report_database_win.cc(469)] failed to stat report
[0609/200351.989:ERROR:crash_report_database_win.cc(469)] failed to stat report
[0609/200351.990:ERROR:crash_report_database_win.cc(469)] failed to stat report
[0609/200351.990:ERROR:crash_report_database_win.cc(469)] failed to stat report
[0609/200351.990:ERROR:crash_report_database_win.cc(469)] failed to stat report
[0609/200351.990:ERROR:crash_report_database_win.cc(469)] failed to stat report
[0609/200351.990:ERROR:crash_report_database_win.cc(469)] failed to stat report
[0609/200351.991:ERROR:crash_report_database_win.cc(469)] failed to stat report
[0609/200351.991:ERROR:crash_report_database_win.cc(469)] failed to stat report
[0609/200351.991:ERROR:crash_report_database_win.cc(469)] failed to stat report
[0609/200351.991:ERROR:crash_report_database_win.cc(469)] failed to stat report
[0609/200351.991:ERROR:crash_report_database_win.cc(469)] failed to stat report
[0611/132235.382:ERROR:crash_report_database_win.cc(469)] failed to stat report
[0611/132235.505:ERROR:crash_report_database_win.cc(469)] failed to stat report
[0611/132235.505:ERROR:crash_report_database_win.cc(469)] failed to stat report
[0611/132235.505:ERROR:crash_report_database_win.cc(469)] failed to stat report
[0611/132235.506:ERROR:crash_report_database_win.cc(469)] failed to stat report
[0611/132235.506:ERROR:crash_report_database_win.cc(469)] failed to stat report
[0611/132235.506:ERROR:crash_report_database_win.cc(469)] failed to stat report
[0611/132235.506:ERROR:crash_report_database_win.cc(469)] failed to stat report
[0611/132235.506:ERROR:crash_report_database_win.cc(469)] failed to stat report
[0611/132235.506:ERROR:crash_report_database_win.cc(469)] failed to stat report
[0611/132235.506:ERROR:crash_report_database_win.cc(469)] failed to stat report
[0614/174823.400:ERROR:crash_report_database_win.cc(469)] failed to stat report
[0614/174823.776:ERROR:crash_report_database_win.cc(469)] failed to stat report
[0614/174823.776:ERROR:crash_report_database_win.cc(469)] failed to stat report
[0614/174823.776:ERROR:crash_report_database_win.cc(469)] failed to stat report
[0614/174823.776:ERROR:crash_report_database_win.cc(469)] failed to stat report
[0614/174823.776:ERROR:crash_report_database_win.cc(469)] failed to stat report
[0614/174823.776:ERROR:crash_report_database_win.cc(469)] failed to stat report
[0614/174823.776:ERROR:crash_report_database_win.cc(469)] failed to stat report
[0614/174823.776:ERROR:crash_report_database_win.cc(469)] failed to stat report
[0614/174823.776:ERROR:crash_report_database_win.cc(469)] failed to stat report
[0614/174823.776:ERROR:crash_report_database_win.cc(469)] failed to stat report
[0614/175823.405:ERROR:crash_report_database_win.cc(469)] failed to stat report
[0614/175823.405:ERROR:crash_report_database_win.cc(469)] failed to stat report
[0614/175823.405:ERROR:crash_report_database_win.cc(469)] failed to stat report
[0614/175823.405:ERROR:crash_report_database_win.cc(469)] failed to stat report
[0614/175823.405:ERROR:crash_report_database_win.cc(469)] failed to stat report
[0614/175823.405:ERROR:crash_report_database_win.cc(469)] failed to stat report
[0614/175823.405:ERROR:crash_report_database_win.cc(469)] failed to stat report
[0614/175823.405:ERROR:crash_report_database_win.cc(469)] failed to stat report
[0614/175823.405:ERROR:crash_report_database_win.cc(469)] failed to stat report
[0614/175823.405:ERROR:crash_report_database_win.cc(469)] failed to stat report
[0614/175823.405:ERROR:crash_report_database_win.cc(469)] failed to stat report
[0614/175823.406:ERROR:crash_report_database_win.cc(469)] failed to stat report
[0614/175823.406:ERROR:crash_report_database_win.cc(469)] failed to stat report
[0614/175823.406:ERROR:crash_report_database_win.cc(469)] failed to stat report
[0614/175823.406:ERROR:crash_report_database_win.cc(469)] failed to stat report
[0614/175823.406:ERROR:crash_report_database_win.cc(469)] failed to stat report
[0614/175823.406:ERROR:crash_report_database_win.cc(469)] failed to stat report
[0614/175823.406:ERROR:crash_report_database_win.cc(469)] failed to stat report
[0614/175823.406:ERROR:crash_report_database_win.cc(469)] failed to stat report
[0614/175823.407:ERROR:crash_report_database_win.cc(469)] failed to stat report
[0614/175823.407:ERROR:crash_report_database_win.cc(469)] failed to stat report
[0614/175823.407:ERROR:crash_report_database_win.cc(469)] failed to stat report
[0614/180323.776:ERROR:crash_report_database_win.cc(469)] failed to stat report
[0614/180323.776:ERROR:crash_report_database_win.cc(469)] failed to stat report
[0614/180323.776:ERROR:crash_report_database_win.cc(469)] failed to stat report
[0614/180323.776:ERROR:crash_report_database_win.cc(469)] failed to stat report
[0614/180323.777:ERROR:crash_report_database_win.cc(469)] failed to stat report
[0614/180323.777:ERROR:crash_report_database_win.cc(469)] failed to stat report
[0614/180323.777:ERROR:crash_report_database_win.cc(469)] failed to stat report
[0614/180323.777:ERROR:crash_report_database_win.cc(469)] failed to stat report
[0614/180323.777:ERROR:crash_report_database_win.cc(469)] failed to stat report
[0614/180323.777:ERROR:crash_report_database_win.cc(469)] failed to stat report
[0614/180323.777:ERROR:crash_report_database_win.cc(469)] failed to stat report
[0614/181823.799:ERROR:crash_report_database_win.cc(469)] failed to stat report
[0614/181823.799:ERROR:crash_report_database_win.cc(469)] failed to stat report
[0614/181823.799:ERROR:crash_report_database_win.cc(469)] failed to stat report
[0614/181823.799:ERROR:crash_report_database_win.cc(469)] failed to stat report
[0614/181823.799:ERROR:crash_report_database_win.cc(469)] failed to stat report
[0614/181823.799:ERROR:crash_report_database_win.cc(469)] failed to stat report
[0614/181823.799:ERROR:crash_report_database_win.cc(469)] failed to stat report
[0614/181823.799:ERROR:crash_report_database_win.cc(469)] failed to stat report
[0614/181823.799:ERROR:crash_report_database_win.cc(469)] failed to stat report
[0614/181823.800:ERROR:crash_report_database_win.cc(469)] failed to stat report
[0614/181823.800:ERROR:crash_report_database_win.cc(469)] failed to stat report
[0614/183323.800:ERROR:crash_report_database_win.cc(469)] failed to stat report
[0614/183323.800:ERROR:crash_report_database_win.cc(469)] failed to stat report
[0614/183323.801:ERROR:crash_report_database_win.cc(469)] failed to stat report
[0614/183323.801:ERROR:crash_report_database_win.cc(469)] failed to stat report
[0614/183323.801:ERROR:crash_report_database_win.cc(469)] failed to stat report
[0614/183323.801:ERROR:crash_report_database_win.cc(469)] failed to stat report
[0614/183323.801:ERROR:crash_report_database_win.cc(469)] failed to stat report
[0614/183323.801:ERROR:crash_report_database_win.cc(469)] failed to stat report
[0614/183323.801:ERROR:crash_report_database_win.cc(469)] failed to stat report
[0614/183323.801:ERROR:crash_report_database_win.cc(469)] failed to stat report
[0614/183323.801:ERROR:crash_report_database_win.cc(469)] failed to stat report
[0614/184823.801:ERROR:crash_report_database_win.cc(469)] failed to stat report
[0614/184823.801:ERROR:crash_report_database_win.cc(469)] failed to stat report
[0614/184823.801:ERROR:crash_report_database_win.cc(469)] failed to stat report
[0614/184823.801:ERROR:crash_report_database_win.cc(469)] failed to stat report
[0614/184823.801:ERROR:crash_report_database_win.cc(469)] failed to stat report
[0614/184823.801:ERROR:crash_report_database_win.cc(469)] failed to stat report
[0614/184823.801:ERROR:crash_report_database_win.cc(469)] failed to stat report
[0614/184823.801:ERROR:crash_report_database_win.cc(469)] failed to stat report
[0614/184823.801:ERROR:crash_report_database_win.cc(469)] failed to stat report
[0614/184823.801:ERROR:crash_report_database_win.cc(469)] failed to stat report
[0614/184823.801:ERROR:crash_report_database_win.cc(469)] failed to stat report
[0614/190115.151:ERROR:process_reader_win.cc(151)] SuspendThread: Acesso negado. (0x5)
[0614/190115.152:ERROR:process_reader_win.cc(151)] SuspendThread: Acesso negado. (0x5)
[0614/190115.154:ERROR:process_reader_win.cc(151)] SuspendThread: Acesso negado. (0x5)
[0614/190115.154:ERROR:process_reader_win.cc(151)] SuspendThread: Acesso negado. (0x5)
[0614/190115.154:ERROR:process_reader_win.cc(151)] SuspendThread: Acesso negado. (0x5)
[0614/190115.154:ERROR:process_reader_win.cc(151)] SuspendThread: Acesso negado. (0x5)
[0614/190115.154:ERROR:process_reader_win.cc(151)] SuspendThread: Acesso negado. (0x5)
[0614/190115.154:ERROR:process_reader_win.cc(151)] SuspendThread: Acesso negado. (0x5)
[0614/190115.154:ERROR:process_reader_win.cc(151)] SuspendThread: Acesso negado. (0x5)
[0614/190115.155:ERROR:process_reader_win.cc(151)] SuspendThread: Acesso negado. (0x5)
[0614/190115.155:ERROR:process_reader_win.cc(151)] SuspendThread: Acesso negado. (0x5)
[0614/190115.155:ERROR:process_reader_win.cc(151)] SuspendThread: Acesso negado. (0x5)
[0614/190115.155:ERROR:process_reader_win.cc(151)] SuspendThread: Acesso negado. (0x5)
[0614/190115.155:ERROR:process_reader_win.cc(123)] NtOpenThread: {Acesso Negado} Um processo solicitou acesso a um objeto, mas o direito de acesso não lhe foi concedido. (0xc0000022)
[0614/190115.166:ERROR:exception_snapshot_win.cc(98)] thread ID 4020 not found in process
[0615/190239.089:ERROR:crash_report_database_win.cc(469)] failed to stat report
[0615/190239.117:ERROR:crash_report_database_win.cc(469)] failed to stat report
[0615/190239.117:ERROR:crash_report_database_win.cc(469)] failed to stat report
[0615/190239.117:ERROR:crash_report_database_win.cc(469)] failed to stat report
[0615/190239.117:ERROR:crash_report_database_win.cc(469)] failed to stat report
[0615/190239.117:ERROR:crash_report_database_win.cc(469)] failed to stat report
[0615/190239.117:ERROR:crash_report_database_win.cc(469)] failed to stat report
[0615/190239.117:ERROR:crash_report_database_win.cc(469)] failed to stat report
[0615/190239.118:ERROR:crash_report_database_win.cc(469)] failed to stat report
[0615/190239.118:ERROR:crash_report_database_win.cc(469)] failed to stat report
[0615/190239.118:ERROR:crash_report_database_win.cc(469)] failed to stat report
[0615/202435.159:ERROR:crash_report_database_win.cc(469)] failed to stat report
[0615/202435.160:ERROR:crash_report_database_win.cc(469)] failed to stat report
[0615/202435.160:ERROR:crash_report_database_win.cc(469)] failed to stat report
[0615/202435.160:ERROR:crash_report_database_win.cc(469)] failed to stat report
[0615/202435.160:ERROR:crash_report_database_win.cc(469)] failed to stat report
[0615/202435.160:ERROR:crash_report_database_win.cc(469)] failed to stat report
[0615/202435.160:ERROR:crash_report_database_win.cc(469)] failed to stat report
[0615/202435.160:ERROR:crash_report_database_win.cc(469)] failed to stat report
[0615/202435.160:ERROR:crash_report_database_win.cc(469)] failed to stat report
[0615/202435.160:ERROR:crash_report_database_win.cc(469)] failed to stat report
[0615/202435.160:ERROR:crash_report_database_win.cc(469)] failed to stat report
[0616/182431.045:ERROR:crash_report_database_win.cc(469)] failed to stat report
[0616/182431.046:ERROR:crash_report_database_win.cc(469)] failed to stat report
[0616/182431.046:ERROR:crash_report_database_win.cc(469)] failed to stat report
[0616/182431.046:ERROR:crash_report_database_win.cc(469)] failed to stat report
[0616/182431.046:ERROR:crash_report_database_win.cc(469)] failed to stat report
[0616/182431.047:ERROR:crash_report_database_win.cc(469)] failed to stat report
[0616/182431.047:ERROR:crash_report_database_win.cc(469)] failed to stat report
[0616/182431.047:ERROR:crash_report_database_win.cc(469)] failed to stat report
[0616/182431.047:ERROR:crash_report_database_win.cc(469)] failed to stat report
[0616/182431.047:ERROR:crash_report_database_win.cc(469)] failed to stat report
[0616/182431.047:ERROR:crash_report_database_win.cc(469)] failed to stat report
[0616/203113.724:ERROR:crash_report_database_win.cc(469)] failed to stat report
[0616/203113.724:ERROR:crash_report_database_win.cc(469)] failed to stat report
[0616/203113.724:ERROR:crash_report_database_win.cc(469)] failed to stat report
[0616/203113.724:ERROR:crash_report_database_win.cc(469)] failed to stat report
[0616/203113.724:ERROR:crash_report_database_win.cc(469)] failed to stat report
[0616/203113.724:ERROR:crash_report_database_win.cc(469)] failed to stat report
[0616/203113.724:ERROR:crash_report_database_win.cc(469)] failed to stat report
[0616/203113.724:ERROR:crash_report_database_win.cc(469)] failed to stat report
[0616/203113.724:ERROR:crash_report_database_win.cc(469)] failed to stat report
[0616/203113.724:ERROR:crash_report_database_win.cc(469)] failed to stat report
[0616/203113.724:ERROR:crash_report_database_win.cc(469)] failed to stat report
[0616/205305.769:ERROR:crash_report_database_win.cc(469)] failed to stat report
[0616/205305.769:ERROR:crash_report_database_win.cc(469)] failed to stat report
[0616/205305.770:ERROR:crash_report_database_win.cc(469)] failed to stat report
[0616/205305.770:ERROR:crash_report_database_win.cc(469)] failed to stat report
[0616/205305.770:ERROR:crash_report_database_win.cc(469)] failed to stat report
[0616/205305.770:ERROR:crash_report_database_win.cc(469)] failed to stat report
[0616/205305.770:ERROR:crash_report_database_win.cc(469)] failed to stat report
[0616/205305.770:ERROR:crash_report_database_win.cc(469)] failed to stat report
[0616/205305.770:ERROR:crash_report_database_win.cc(469)] failed to stat report
[0616/205305.770:ERROR:crash_report_database_win.cc(469)] failed to stat report
[0616/205305.770:ERROR:crash_report_database_win.cc(469)] failed to stat report
[0616/221155.692:ERROR:crash_report_database_win.cc(469)] failed to stat report
[0616/221155.693:ERROR:crash_report_database_win.cc(469)] failed to stat report
[0616/221155.693:ERROR:crash_report_database_win.cc(469)] failed to stat report
[0616/221155.693:ERROR:crash_report_database_win.cc(469)] failed to stat report
[0616/221155.693:ERROR:crash_report_database_win.cc(469)] failed to stat report
[0616/221155.693:ERROR:crash_report_database_win.cc(469)] failed to stat report
[0616/221155.693:ERROR:crash_report_database_win.cc(469)] failed to stat report
[0616/221155.693:ERROR:crash_report_database_win.cc(469)] failed to stat report
[0616/221155.693:ERROR:crash_report_database_win.cc(469)] failed to stat report
[0616/221155.693:ERROR:crash_report_database_win.cc(469)] failed to stat report
[0616/221155.693:ERROR:crash_report_database_win.cc(469)] failed to stat report
[0617/082947.319:ERROR:crash_report_database_win.cc(469)] failed to stat report
[0617/082947.320:ERROR:crash_report_database_win.cc(469)] failed to stat report
[0617/082947.320:ERROR:crash_report_database_win.cc(469)] failed to stat report
[0617/082947.320:ERROR:crash_report_database_win.cc(469)] failed to stat report
[0617/082947.320:ERROR:crash_report_database_win.cc(469)] failed to stat report
[0617/082947.320:ERROR:crash_report_database_win.cc(469)] failed to stat report
[0617/082947.320:ERROR:crash_report_database_win.cc(469)] failed to stat report
[0617/082947.320:ERROR:crash_report_database_win.cc(469)] failed to stat report
[0617/082947.320:ERROR:crash_report_database_win.cc(469)] failed to stat report
[0617/082947.320:ERROR:crash_report_database_win.cc(469)] failed to stat report
[0617/082947.320:ERROR:crash_report_database_win.cc(469)] failed to stat report
[0617/181638.234:ERROR:crash_report_database_win.cc(469)] failed to stat report
[0617/181638.256:ERROR:crash_report_database_win.cc(469)] failed to stat report
[0617/181638.256:ERROR:crash_report_database_win.cc(469)] failed to stat report
[0617/181638.256:ERROR:crash_report_database_win.cc(469)] failed to stat report
[0617/181638.256:ERROR:crash_report_database_win.cc(469)] failed to stat report
[0617/181638.256:ERROR:crash_report_database_win.cc(469)] failed to stat report
[0617/181638.256:ERROR:crash_report_database_win.cc(469)] failed to stat report
[0617/181638.256:ERROR:crash_report_database_win.cc(469)] failed to stat report
[0617/181638.257:ERROR:crash_report_database_win.cc(469)] failed to stat report
[0617/181638.257:ERROR:crash_report_database_win.cc(469)] failed to stat report
[0617/181638.257:ERROR:crash_report_database_win.cc(469)] failed to stat report
[0618/101106.405:ERROR:crash_report_database_win.cc(469)] failed to stat report
[0618/101106.431:ERROR:crash_report_database_win.cc(469)] failed to stat report
[0618/101106.431:ERROR:crash_report_database_win.cc(469)] failed to stat report
[0618/101106.431:ERROR:crash_report_database_win.cc(469)] failed to stat report
[0618/101106.431:ERROR:crash_report_database_win.cc(469)] failed to stat report
[0618/101106.431:ERROR:crash_report_database_win.cc(469)] failed to stat report
[0618/101106.431:ERROR:crash_report_database_win.cc(469)] failed to stat report
[0618/101106.432:ERROR:crash_report_database_win.cc(469)] failed to stat report
[0618/101106.432:ERROR:crash_report_database_win.cc(469)] failed to stat report
[0618/101106.432:ERROR:crash_report_database_win.cc(469)] failed to stat report
[0618/101106.432:ERROR:crash_report_database_win.cc(469)] failed to stat report
[0618/102106.391:ERROR:crash_report_database_win.cc(469)] failed to stat report
[0618/102106.391:ERROR:crash_report_database_win.cc(469)] failed to stat report
[0618/102106.391:ERROR:crash_report_database_win.cc(469)] failed to stat report
[0618/102106.391:ERROR:crash_report_database_win.cc(469)] failed to stat report
[0618/102106.391:ERROR:crash_report_database_win.cc(469)] failed to stat report
[0618/102106.391:ERROR:crash_report_database_win.cc(469)] failed to stat report
[0618/102106.391:ERROR:crash_report_database_win.cc(469)] failed to stat report
[0618/102106.391:ERROR:crash_report_database_win.cc(469)] failed to stat report
[0618/102106.391:ERROR:crash_report_database_win.cc(469)] failed to stat report
[0618/102106.391:ERROR:crash_report_database_win.cc(469)] failed to stat report
[0618/102106.391:ERROR:crash_report_database_win.cc(469)] failed to stat report
[0618/102106.392:ERROR:crash_report_database_win.cc(469)] failed to stat report
[0618/102106.392:ERROR:crash_report_database_win.cc(469)] failed to stat report
[0618/102106.392:ERROR:crash_report_database_win.cc(469)] failed to stat report
[0618/102106.392:ERROR:crash_report_database_win.cc(469)] failed to stat report
[0618/102106.392:ERROR:crash_report_database_win.cc(469)] failed to stat report
[0618/102106.392:ERROR:crash_report_database_win.cc(469)] failed to stat report
[0618/102106.392:ERROR:crash_report_database_win.cc(469)] failed to stat report
[0618/102106.392:ERROR:crash_report_database_win.cc(469)] failed to stat report
[0618/102106.392:ERROR:crash_report_database_win.cc(469)] failed to stat report
[0618/102106.392:ERROR:crash_report_database_win.cc(469)] failed to stat report
[0618/102106.392:ERROR:crash_report_database_win.cc(469)] failed to stat report
[0618/102606.436:ERROR:crash_report_database_win.cc(469)] failed to stat report
[0618/102606.436:ERROR:crash_report_database_win.cc(469)] failed to stat report
[0618/102606.436:ERROR:crash_report_database_win.cc(469)] failed to stat report
[0618/102606.436:ERROR:crash_report_database_win.cc(469)] failed to stat report
[0618/102606.436:ERROR:crash_report_database_win.cc(469)] failed to stat report
[0618/102606.436:ERROR:crash_report_database_win.cc(469)] failed to stat report
[0618/102606.436:ERROR:crash_report_database_win.cc(469)] failed to stat report
[0618/102606.436:ERROR:crash_report_database_win.cc(469)] failed to stat report
[0618/102606.436:ERROR:crash_report_database_win.cc(469)] failed to stat report
[0618/102606.436:ERROR:crash_report_database_win.cc(469)] failed to stat report
[0618/102606.436:ERROR:crash_report_database_win.cc(469)] failed to stat report
[0618/104106.449:ERROR:crash_report_database_win.cc(469)] failed to stat report
[0618/104106.449:ERROR:crash_report_database_win.cc(469)] failed to stat report
[0618/104106.449:ERROR:crash_report_database_win.cc(469)] failed to stat report
[0618/104106.449:ERROR:crash_report_database_win.cc(469)] failed to stat report
[0618/104106.449:ERROR:crash_report_database_win.cc(469)] failed to stat report
[0618/104106.449:ERROR:crash_report_database_win.cc(469)] failed to stat report
[0618/104106.449:ERROR:crash_report_database_win.cc(469)] failed to stat report
[0618/104106.449:ERROR:crash_report_database_win.cc(469)] failed to stat report
[0618/104106.449:ERROR:crash_report_database_win.cc(469)] failed to stat report
[0618/104106.449:ERROR:crash_report_database_win.cc(469)] failed to stat report
[0618/104106.449:ERROR:crash_report_database_win.cc(469)] failed to stat report
[0618/105606.457:ERROR:crash_report_database_win.cc(469)] failed to stat report
[0618/105606.458:ERROR:crash_report_database_win.cc(469)] failed to stat report
[0618/105606.458:ERROR:crash_report_database_win.cc(469)] failed to stat report
[0618/105606.458:ERROR:crash_report_database_win.cc(469)] failed to stat report
[0618/105606.458:ERROR:crash_report_database_win.cc(469)] failed to stat report
[0618/105606.458:ERROR:crash_report_database_win.cc(469)] failed to stat report
[0618/105606.458:ERROR:crash_report_database_win.cc(469)] failed to stat report
[0618/105606.458:ERROR:crash_report_database_win.cc(469)] failed to stat report
[0618/105606.458:ERROR:crash_report_database_win.cc(469)] failed to stat report
[0618/105606.459:ERROR:crash_report_database_win.cc(469)] failed to stat report
[0618/105606.459:ERROR:crash_report_database_win.cc(469)] failed to stat report
[0618/111106.461:ERROR:crash_report_database_win.cc(469)] failed to stat report
[0618/111106.462:ERROR:crash_report_database_win.cc(469)] failed to stat report
[0618/111106.462:ERROR:crash_report_database_win.cc(469)] failed to stat report
[0618/111106.462:ERROR:crash_report_database_win.cc(469)] failed to stat report
[0618/111106.462:ERROR:crash_report_database_win.cc(469)] failed to stat report
[0618/111106.462:ERROR:crash_report_database_win.cc(469)] failed to stat report
[0618/111106.462:ERROR:crash_report_database_win.cc(469)] failed to stat report
[0618/111106.462:ERROR:crash_report_database_win.cc(469)] failed to stat report
[0618/111106.462:ERROR:crash_report_database_win.cc(469)] failed to stat report
[0618/111106.462:ERROR:crash_report_database_win.cc(469)] failed to stat report
[0618/111106.462:ERROR:crash_report_database_win.cc(469)] failed to stat report
[0618/112606.476:ERROR:crash_report_database_win.cc(469)] failed to stat report
[0618/112606.476:ERROR:crash_report_database_win.cc(469)] failed to stat report
[0618/112606.476:ERROR:crash_report_database_win.cc(469)] failed to stat report
[0618/112606.476:ERROR:crash_report_database_win.cc(469)] failed to stat report
[0618/112606.476:ERROR:crash_report_database_win.cc(469)] failed to stat report
[0618/112606.476:ERROR:crash_report_database_win.cc(469)] failed to stat report
[0618/112606.476:ERROR:crash_report_database_win.cc(469)] failed to stat report
[0618/112606.476:ERROR:crash_report_database_win.cc(469)] failed to stat report
[0618/112606.476:ERROR:crash_report_database_win.cc(469)] failed to stat report
[0618/112606.476:ERROR:crash_report_database_win.cc(469)] failed to stat report
[0618/112606.476:ERROR:crash_report_database_win.cc(469)] failed to stat report
[0621/202539.380:ERROR:crash_report_database_win.cc(469)] failed to stat report
[0621/202539.382:ERROR:crash_report_database_win.cc(469)] failed to stat report
[0621/202539.382:ERROR:crash_report_database_win.cc(469)] failed to stat report
[0621/202539.382:ERROR:crash_report_database_win.cc(469)] failed to stat report
[0621/202539.382:ERROR:crash_report_database_win.cc(469)] failed to stat report
[0621/202539.382:ERROR:crash_report_database_win.cc(469)] failed to stat report
[0621/202539.382:ERROR:crash_report_database_win.cc(469)] failed to stat report
[0621/202539.382:ERROR:crash_report_database_win.cc(469)] failed to stat report
[0621/202539.382:ERROR:crash_report_database_win.cc(469)] failed to stat report
[0621/202539.382:ERROR:crash_report_database_win.cc(469)] failed to stat report
[0621/202539.382:ERROR:crash_report_database_win.cc(469)] failed to stat report
[0623/103905.465:ERROR:crash_report_database_win.cc(469)] failed to stat report
[0623/103905.480:ERROR:crash_report_database_win.cc(469)] failed to stat report
[0623/103905.480:ERROR:crash_report_database_win.cc(469)] failed to stat report
[0623/103905.480:ERROR:crash_report_database_win.cc(469)] failed to stat report
[0623/103905.480:ERROR:crash_report_database_win.cc(469)] failed to stat report
[0623/103905.480:ERROR:crash_report_database_win.cc(469)] failed to stat report
[0623/103905.480:ERROR:crash_report_database_win.cc(469)] failed to stat report
[0623/103905.480:ERROR:crash_report_database_win.cc(469)] failed to stat report
[0623/103905.480:ERROR:crash_report_database_win.cc(469)] failed to stat report
[0623/103905.480:ERROR:crash_report_database_win.cc(469)] failed to stat report
[0623/103905.480:ERROR:crash_report_database_win.cc(469)] failed to stat report
[0624/083450.477:ERROR:crash_report_database_win.cc(469)] failed to stat report
[0624/083450.499:ERROR:crash_report_database_win.cc(469)] failed to stat report
[0624/083450.499:ERROR:crash_report_database_win.cc(469)] failed to stat report
[0624/083450.499:ERROR:crash_report_database_win.cc(469)] failed to stat report
[0624/083450.499:ERROR:crash_report_database_win.cc(469)] failed to stat report
[0624/083450.499:ERROR:crash_report_database_win.cc(469)] failed to stat report
[0624/083450.500:ERROR:crash_report_database_win.cc(469)] failed to stat report
[0624/083450.500:ERROR:crash_report_database_win.cc(469)] failed to stat report
[0624/083450.500:ERROR:crash_report_database_win.cc(469)] failed to stat report
[0624/083450.500:ERROR:crash_report_database_win.cc(469)] failed to stat report
[0624/083450.500:ERROR:crash_report_database_win.cc(469)] failed to stat report
[0624/084450.480:ERROR:crash_report_database_win.cc(469)] failed to stat report
[0624/084450.481:ERROR:crash_report_database_win.cc(469)] failed to stat report
[0624/084450.481:ERROR:crash_report_database_win.cc(469)] failed to stat report
[0624/084450.481:ERROR:crash_report_database_win.cc(469)] failed to stat report
[0624/084450.481:ERROR:crash_report_database_win.cc(469)] failed to stat report
[0624/084450.481:ERROR:crash_report_database_win.cc(469)] failed to stat report
[0624/084450.481:ERROR:crash_report_database_win.cc(469)] failed to stat report
[0624/084450.481:ERROR:crash_report_database_win.cc(469)] failed to stat report
[0624/084450.481:ERROR:crash_report_database_win.cc(469)] failed to stat report
[0624/084450.481:ERROR:crash_report_database_win.cc(469)] failed to stat report
[0624/084450.481:ERROR:crash_report_database_win.cc(469)] failed to stat report
[0624/084450.482:ERROR:crash_report_database_win.cc(469)] failed to stat report
[0624/084450.482:ERROR:crash_report_database_win.cc(469)] failed to stat report
[0624/084450.482:ERROR:crash_report_database_win.cc(469)] failed to stat report
[0624/084450.482:ERROR:crash_report_database_win.cc(469)] failed to stat report
[0624/084450.482:ERROR:crash_report_database_win.cc(469)] failed to stat report
[0624/084450.482:ERROR:crash_report_database_win.cc(469)] failed to stat report
[0624/084450.482:ERROR:crash_report_database_win.cc(469)] failed to stat report
[0624/084450.482:ERROR:crash_report_database_win.cc(469)] failed to stat report
[0624/084450.482:ERROR:crash_report_database_win.cc(469)] failed to stat report
[0624/084450.482:ERROR:crash_report_database_win.cc(469)] failed to stat report
[0624/084450.482:ERROR:crash_report_database_win.cc(469)] failed to stat report
[0624/084950.513:ERROR:crash_report_database_win.cc(469)] failed to stat report
[0624/084950.513:ERROR:crash_report_database_win.cc(469)] failed to stat report
[0624/084950.513:ERROR:crash_report_database_win.cc(469)] failed to stat report
[0624/084950.513:ERROR:crash_report_database_win.cc(469)] failed to stat report
[0624/084950.513:ERROR:crash_report_database_win.cc(469)] failed to stat report
[0624/084950.513:ERROR:crash_report_database_win.cc(469)] failed to stat report
[0624/084950.513:ERROR:crash_report_database_win.cc(469)] failed to stat report
[0624/084950.513:ERROR:crash_report_database_win.cc(469)] failed to stat report
[0624/084950.513:ERROR:crash_report_database_win.cc(469)] failed to stat report
[0624/084950.513:ERROR:crash_report_database_win.cc(469)] failed to stat report
[0624/084950.513:ERROR:crash_report_database_win.cc(469)] failed to stat report
[0624/090450.541:ERROR:crash_report_database_win.cc(469)] failed to stat report
[0624/090450.541:ERROR:crash_report_database_win.cc(469)] failed to stat report
[0624/090450.541:ERROR:crash_report_database_win.cc(469)] failed to stat report
[0624/090450.541:ERROR:crash_report_database_win.cc(469)] failed to stat report
[0624/090450.541:ERROR:crash_report_database_win.cc(469)] failed to stat report
[0624/090450.542:ERROR:crash_report_database_win.cc(469)] failed to stat report
[0624/090450.542:ERROR:crash_report_database_win.cc(469)] failed to stat report
[0624/090450.542:ERROR:crash_report_database_win.cc(469)] failed to stat report
[0624/090450.542:ERROR:crash_report_database_win.cc(469)] failed to stat report
[0624/090450.542:ERROR:crash_report_database_win.cc(469)] failed to stat report
[0624/090450.542:ERROR:crash_report_database_win.cc(469)] failed to stat report
[0628/183134.803:ERROR:crash_report_database_win.cc(469)] failed to stat report
[0628/183134.804:ERROR:crash_report_database_win.cc(469)] failed to stat report
[0628/183134.804:ERROR:crash_report_database_win.cc(469)] failed to stat report
[0628/183134.804:ERROR:crash_report_database_win.cc(469)] failed to stat report
[0628/183134.804:ERROR:crash_report_database_win.cc(469)] failed to stat report
[0628/183134.804:ERROR:crash_report_database_win.cc(469)] failed to stat report
[0628/183134.804:ERROR:crash_report_database_win.cc(469)] failed to stat report
[0628/183134.804:ERROR:crash_report_database_win.cc(469)] failed to stat report
[0628/183134.805:ERROR:crash_report_database_win.cc(469)] failed to stat report
[0628/183134.805:ERROR:crash_report_database_win.cc(469)] failed to stat report
[0628/183134.805:ERROR:crash_report_database_win.cc(469)] failed to stat report
[0629/105646.984:ERROR:crash_report_database_win.cc(469)] failed to stat report
[0629/105646.985:ERROR:crash_report_database_win.cc(469)] failed to stat report
[0629/105646.985:ERROR:crash_report_database_win.cc(469)] failed to stat report
[0629/105646.985:ERROR:crash_report_database_win.cc(469)] failed to stat report
[0629/105646.985:ERROR:crash_report_database_win.cc(469)] failed to stat report
[0629/105646.985:ERROR:crash_report_database_win.cc(469)] failed to stat report
[0629/105646.985:ERROR:crash_report_database_win.cc(469)] failed to stat report
[0629/105646.985:ERROR:crash_report_database_win.cc(469)] failed to stat report
[0629/105646.985:ERROR:crash_report_database_win.cc(469)] failed to stat report
[0629/105646.985:ERROR:crash_report_database_win.cc(469)] failed to stat report
[0629/105646.986:ERROR:crash_report_database_win.cc(469)] failed to stat report
[0629/192454.704:ERROR:crash_report_database_win.cc(469)] failed to stat report
[0629/192454.705:ERROR:crash_report_database_win.cc(469)] failed to stat report
[0629/192454.705:ERROR:crash_report_database_win.cc(469)] failed to stat report
[0629/192454.705:ERROR:crash_report_database_win.cc(469)] failed to stat report
[0629/192454.705:ERROR:crash_report_database_win.cc(469)] failed to stat report
[0629/192454.705:ERROR:crash_report_database_win.cc(469)] failed to stat report
[0629/192454.706:ERROR:crash_report_database_win.cc(469)] failed to stat report
[0629/192454.706:ERROR:crash_report_database_win.cc(469)] failed to stat report
[0629/192454.706:ERROR:crash_report_database_win.cc(469)] failed to stat report
[0629/192454.706:ERROR:crash_report_database_win.cc(469)] failed to stat report
[0629/192454.706:ERROR:crash_report_database_win.cc(469)] failed to stat report
